<?xml version="1.0" encoding="UTF-8"?>
<!-- Generated by org.testng.reporters.JUnitReportReporter -->
<testsuite skipped="0" hostname="MGHector.local" name="testscripts.TC_HM_001" tests="1" failures="0" timestamp="2021-04-25T12:08:26 IST" time="8.064" errors="0">
  <testcase name="TC_HM_001" time="8.064" classname="testscripts.TC_HM_001"/>
  <system-out/>
</testsuite> <!-- testscripts.TC_HM_001 -->
