<?xml version="1.0" encoding="UTF-8"?>
<!-- Generated by org.testng.reporters.JUnitReportReporter -->
<testsuite skipped="0" hostname="MGHector.local" name="testscripts.TC_HM_003" tests="1" failures="0" timestamp="2021-04-25T12:08:26 IST" time="11.768" errors="0">
  <testcase name="TC_HM_003" time="11.768" classname="testscripts.TC_HM_003"/>
  <system-out/>
</testsuite> <!-- testscripts.TC_HM_003 -->
