<?xml version="1.0" encoding="UTF-8"?>
<!-- Generated by org.testng.reporters.JUnitReportReporter -->
<testsuite skipped="0" hostname="MGHector.local" name="testscripts.TC_LGN_002" tests="1" failures="0" timestamp="2021-04-25T12:08:26 IST" time="5.527" errors="0">
  <testcase name="TC_LGN_002" time="5.527" classname="testscripts.TC_LGN_002"/>
  <system-out/>
</testsuite> <!-- testscripts.TC_LGN_002 -->
